Base path: /Applications/Unity/Unity.app/Contents
Cmd: initializeCompiler
Cmd: compileComputeKernel
  api=14 insize=1386 outsize=7537 ok=1
Cmd: translateComputeKernel
  api=14 insize=7537 outsize=3193 ok=1
Cmd: compileComputeKernel
  api=14 insize=3182 outsize=7097 ok=1
Cmd: translateComputeKernel
  api=14 insize=7989 outsize=5301 ok=1
Cmd: translateComputeKernel
  api=14 insize=7169 outsize=3577 ok=1
Cmd: translateComputeKernel
  api=14 insize=6689 outsize=1561 ok=1
Cmd: compileComputeKernel
  api=14 insize=1484 outsize=7549 ok=1
Cmd: translateComputeKernel
  api=14 insize=873 outsize=909 ok=1
Unhandled exception: Protocol error - failed to read correct magic number

Quitting shader compiler process
